This is pdfTeX, Version 3.1415926-2.5-1.40.14 (TeX Live 2013) (format=pdflatex 2013.12.11)  21 MAR 2014 15:37
entering extended mode
 restricted \write18 enabled.
 %&-line parsing enabled.
**thesis
(./thesis.tex
LaTeX2e <2011/06/27>
Babel <3.9f> and hyphenation patterns for 78 languages loaded.
(/usr/local/texlive/2013/texmf-dist/tex/latex/base/article.cls
Document Class: article 2007/10/19 v1.4h Standard LaTeX document class
(/usr/local/texlive/2013/texmf-dist/tex/latex/base/fleqn.clo
File: fleqn.clo 1998/08/17 v1.1c Standard LaTeX option (flush left equations)
\mathindent=\dimen102
)
(/usr/local/texlive/2013/texmf-dist/tex/latex/base/size10.clo
File: size10.clo 2007/10/19 v1.4h Standard LaTeX file (size option)
)
\c@part=\count79
\c@section=\count80
\c@subsection=\count81
\c@subsubsection=\count82
\c@paragraph=\count83
\c@subparagraph=\count84
\c@figure=\count85
\c@table=\count86
\abovecaptionskip=\skip41
\belowcaptionskip=\skip42
\bibindent=\dimen103
)
(/usr/local/texlive/2013/texmf-dist/tex/latex/mfnfss/oldgerm.sty
Package: oldgerm 1998/06/07 v2.1j LaTeX2e package for Old German fonts
)
(/usr/local/texlive/2013/texmf-dist/tex/latex/graphics/graphicx.sty
Package: graphicx 1999/02/16 v1.0f Enhanced LaTeX Graphics (DPC,SPQR)

(/usr/local/texlive/2013/texmf-dist/tex/latex/graphics/keyval.sty
Package: keyval 1999/03/16 v1.13 key=value parser (DPC)
\KV@toks@=\toks14
)
(/usr/local/texlive/2013/texmf-dist/tex/latex/graphics/graphics.sty
Package: graphics 2009/02/05 v1.0o Standard LaTeX Graphics (DPC,SPQR)

(/usr/local/texlive/2013/texmf-dist/tex/latex/graphics/trig.sty
Package: trig 1999/03/16 v1.09 sin cos tan (DPC)
)
(/usr/local/texlive/2013/texmf-dist/tex/latex/latexconfig/graphics.cfg
File: graphics.cfg 2010/04/23 v1.9 graphics configuration of TeX Live
)
Package graphics Info: Driver file: pdftex.def on input line 91.

(/usr/local/texlive/2013/texmf-dist/tex/latex/pdftex-def/pdftex.def
File: pdftex.def 2011/05/27 v0.06d Graphics/color for pdfTeX

(/usr/local/texlive/2013/texmf-dist/tex/generic/oberdiek/infwarerr.sty
Package: infwarerr 2010/04/08 v1.3 Providing info/warning/error messages (HO)
)
(/usr/local/texlive/2013/texmf-dist/tex/generic/oberdiek/ltxcmds.sty
Package: ltxcmds 2011/11/09 v1.22 LaTeX kernel commands for general use (HO)
)
\Gread@gobject=\count87
))
\Gin@req@height=\dimen104
\Gin@req@width=\dimen105
)
(/usr/local/texlive/2013/texmf-dist/tex/latex/tools/xspace.sty
Package: xspace 2009/10/20 v1.13 Space after command names (DPC,MH)
)
(/usr/local/texlive/2013/texmf-dist/tex/latex/natbib/natbib.sty
Package: natbib 2010/09/13 8.31b (PWD, AO)
\bibhang=\skip43
\bibsep=\skip44
LaTeX Info: Redefining \cite on input line 694.
\c@NAT@ctr=\count88
)
(/usr/local/texlive/2013/texmf-dist/tex/latex/url/url.sty
\Urlmuskip=\muskip10
Package: url 2006/04/12  ver 3.3  Verb mode for urls, etc.
)
(/usr/local/texlive/2013/texmf-dist/tex/latex/caption/subcaption.sty
Package: subcaption 2013/02/03 v1.1-62 Sub-captions (AR)

(/usr/local/texlive/2013/texmf-dist/tex/latex/caption/caption.sty
Package: caption 2013/05/02 v3.3-89 Customizing captions (AR)

(/usr/local/texlive/2013/texmf-dist/tex/latex/caption/caption3.sty
Package: caption3 2013/05/02 v1.6-88 caption3 kernel (AR)
Package caption3 Info: TeX engine: e-TeX on input line 57.
\captionmargin=\dimen106
\captionmargin@=\dimen107
\captionwidth=\dimen108
\caption@tempdima=\dimen109
\caption@indent=\dimen110
\caption@parindent=\dimen111
\caption@hangindent=\dimen112
)
\c@ContinuedFloat=\count89
)
\c@subfigure=\count90
\c@subtable=\count91
)
(/usr/local/texlive/2013/texmf-dist/tex/latex/booktabs/booktabs.sty
Package: booktabs 2005/04/14 v1.61803 publication quality tables
\heavyrulewidth=\dimen113
\lightrulewidth=\dimen114
\cmidrulewidth=\dimen115
\belowrulesep=\dimen116
\belowbottomsep=\dimen117
\aboverulesep=\dimen118
\abovetopsep=\dimen119
\cmidrulesep=\dimen120
\cmidrulekern=\dimen121
\defaultaddspace=\dimen122
\@cmidla=\count92
\@cmidlb=\count93
\@aboverulesep=\dimen123
\@belowrulesep=\dimen124
\@thisruleclass=\count94
\@lastruleclass=\count95
\@thisrulewidth=\dimen125
)
(./thesis.aux)
\openout1 = `thesis.aux'.

LaTeX Font Info:    Checking defaults for OML/cmm/m/it on input line 40.
LaTeX Font Info:    ... okay on input line 40.
LaTeX Font Info:    Checking defaults for T1/cmr/m/n on input line 40.
LaTeX Font Info:    ... okay on input line 40.
LaTeX Font Info:    Checking defaults for OT1/cmr/m/n on input line 40.
LaTeX Font Info:    ... okay on input line 40.
LaTeX Font Info:    Checking defaults for OMS/cmsy/m/n on input line 40.
LaTeX Font Info:    ... okay on input line 40.
LaTeX Font Info:    Checking defaults for OMX/cmex/m/n on input line 40.
LaTeX Font Info:    ... okay on input line 40.
LaTeX Font Info:    Checking defaults for U/cmr/m/n on input line 40.
LaTeX Font Info:    ... okay on input line 40.

(/usr/local/texlive/2013/texmf-dist/tex/context/base/supp-pdf.mkii
[Loading MPS to PDF converter (version 2006.09.02).]
\scratchcounter=\count96
\scratchdimen=\dimen126
\scratchbox=\box26
\nofMPsegments=\count97
\nofMParguments=\count98
\everyMPshowfont=\toks15
\MPscratchCnt=\count99
\MPscratchDim=\dimen127
\MPnumerator=\count100
\makeMPintoPDFobject=\count101
\everyMPtoPDFconversion=\toks16
) (/usr/local/texlive/2013/texmf-dist/tex/generic/oberdiek/pdftexcmds.sty
Package: pdftexcmds 2011/11/29 v0.20 Utility functions of pdfTeX for LuaTeX (HO
)

(/usr/local/texlive/2013/texmf-dist/tex/generic/oberdiek/ifluatex.sty
Package: ifluatex 2010/03/01 v1.3 Provides the ifluatex switch (HO)
Package ifluatex Info: LuaTeX not detected.
)
(/usr/local/texlive/2013/texmf-dist/tex/generic/oberdiek/ifpdf.sty
Package: ifpdf 2011/01/30 v2.3 Provides the ifpdf switch (HO)
Package ifpdf Info: pdfTeX in PDF mode is detected.
)
Package pdftexcmds Info: LuaTeX not detected.
Package pdftexcmds Info: \pdf@primitive is available.
Package pdftexcmds Info: \pdf@ifprimitive is available.
Package pdftexcmds Info: \pdfdraftmode found.
)
(/usr/local/texlive/2013/texmf-dist/tex/latex/oberdiek/epstopdf-base.sty
Package: epstopdf-base 2010/02/09 v2.5 Base part for package epstopdf

(/usr/local/texlive/2013/texmf-dist/tex/latex/oberdiek/grfext.sty
Package: grfext 2010/08/19 v1.1 Manage graphics extensions (HO)

(/usr/local/texlive/2013/texmf-dist/tex/generic/oberdiek/kvdefinekeys.sty
Package: kvdefinekeys 2011/04/07 v1.3 Define keys (HO)
))
(/usr/local/texlive/2013/texmf-dist/tex/latex/oberdiek/kvoptions.sty
Package: kvoptions 2011/06/30 v3.11 Key value format for package options (HO)

(/usr/local/texlive/2013/texmf-dist/tex/generic/oberdiek/kvsetkeys.sty
Package: kvsetkeys 2012/04/25 v1.16 Key value parser (HO)

(/usr/local/texlive/2013/texmf-dist/tex/generic/oberdiek/etexcmds.sty
Package: etexcmds 2011/02/16 v1.5 Avoid name clashes with e-TeX commands (HO)
Package etexcmds Info: Could not find \expanded.
(etexcmds)             That can mean that you are not using pdfTeX 1.50 or
(etexcmds)             that some package has redefined \expanded.
(etexcmds)             In the latter case, load this package earlier.
)))
Package grfext Info: Graphics extension search list:
(grfext)             [.png,.pdf,.jpg,.mps,.jpeg,.jbig2,.jb2,.PNG,.PDF,.JPG,.JPE
G,.JBIG2,.JB2,.eps]
(grfext)             \AppendGraphicsExtensions on input line 452.

(/usr/local/texlive/2013/texmf-dist/tex/latex/latexconfig/epstopdf-sys.cfg
File: epstopdf-sys.cfg 2010/07/13 v1.3 Configuration of (r)epstopdf for TeX Liv
e
))
Package caption Info: Begin \AtBeginDocument code.
Package caption Info: End \AtBeginDocument code.

[1

{/usr/local/texlive/2013/texmf-var/fonts/map/pdftex/updmap/pdftex.map}]
(./extras/tablesofcontent.tex (./thesis.toc
LaTeX Font Info:    External font `cmex10' loaded for size
(Font)              <7> on input line 3.
LaTeX Font Info:    External font `cmex10' loaded for size
(Font)              <5> on input line 3.
)
\tf@toc=\write3
\openout3 = `thesis.toc'.

 (./thesis.lof)
\tf@lof=\write4
\openout4 = `thesis.lof'.

)
(./extras/abstract.tex [1] [1]) (./chapters/introduction.tex)
(./chapters/analysis_tools.tex
LaTeX Font Info:    Try loading font information for OMS+cmr on input line 13.

(/usr/local/texlive/2013/texmf-dist/tex/latex/base/omscmr.fd
File: omscmr.fd 1999/05/25 v2.5h Standard LaTeX font definitions
)
LaTeX Font Info:    Font shape `OMS/cmr/m/n' in size <10> not available
(Font)              Font shape `OMS/cmsy/m/n' tried instead on input line 13.
 [1]
<../imgs/plots/keep_all_obj_rss_heap_mas_obj_time.pdf, id=23, 361.35pt x 252.94
5pt>
File: ../imgs/plots/keep_all_obj_rss_heap_mas_obj_time.pdf Graphic file (type p
df)
 <use ../imgs/plots/keep_all_obj_rss_heap_mas_obj_time.pdf>
Package pdftex.def Info: ../imgs/plots/keep_all_obj_rss_heap_mas_obj_time.pdf u
sed on input line 24.
(pdftex.def)             Requested size: 234.73523pt x 164.31581pt.

<../imgs/plots/acdc_multi_exec_time.pdf, id=24, 361.35pt x 252.945pt>
File: ../imgs/plots/acdc_multi_exec_time.pdf Graphic file (type pdf)

<use ../imgs/plots/acdc_multi_exec_time.pdf>
Package pdftex.def Info: ../imgs/plots/acdc_multi_exec_time.pdf used on input l
ine 37.
(pdftex.def)             Requested size: 234.73523pt x 164.31581pt.
 [2 <../imgs/plots/keep_all_obj_rss_heap_mas_obj_time.pdf> <../imgs/plots/acdc_
multi_exec_time.pdf>]
<../imgs/solution_h.pdf, id=38, 803.0pt x 602.25pt>
File: ../imgs/solution_h.pdf Graphic file (type pdf)

<use ../imgs/solution_h.pdf>
Package pdftex.def Info: ../imgs/solution_h.pdf used on input line 58.
(pdftex.def)             Requested size: 234.73523pt x 176.05403pt.
LaTeX Font Info:    External font `cmex10' loaded for size
(Font)              <9> on input line 74.
LaTeX Font Info:    External font `cmex10' loaded for size
(Font)              <6> on input line 74.
 [3 <../imgs/solution_h.pdf>] [4])
(./chapters/analysis_mutator.tex
<../imgs/plots/mutator/obj_alloc_dist.pdf, id=68, 361.35pt x 252.945pt>
File: ../imgs/plots/mutator/obj_alloc_dist.pdf Graphic file (type pdf)

<use ../imgs/plots/mutator/obj_alloc_dist.pdf>
Package pdftex.def Info: ../imgs/plots/mutator/obj_alloc_dist.pdf used on input
 line 13.
(pdftex.def)             Requested size: 234.73523pt x 164.31581pt.

<../imgs/plots/mutator/obj_selfsize_dist.pdf, id=69, 361.35pt x 252.945pt>
File: ../imgs/plots/mutator/obj_selfsize_dist.pdf Graphic file (type pdf)

<use ../imgs/plots/mutator/obj_selfsize_dist.pdf>
Package pdftex.def Info: ../imgs/plots/mutator/obj_selfsize_dist.pdf used on in
put line 21.
(pdftex.def)             Requested size: 234.73523pt x 164.31581pt.
 [5]
<../imgs/plots/mutator/obj_lifetime_dist.pdf, id=73, 361.35pt x 252.945pt>
File: ../imgs/plots/mutator/obj_lifetime_dist.pdf Graphic file (type pdf)

<use ../imgs/plots/mutator/obj_lifetime_dist.pdf>
Package pdftex.def Info: ../imgs/plots/mutator/obj_lifetime_dist.pdf used on in
put line 29.
(pdftex.def)             Requested size: 234.73523pt x 164.31581pt.

<../imgs/plots/mutator/obj_rootdist_dist.pdf, id=74, 361.35pt x 252.945pt>
File: ../imgs/plots/mutator/obj_rootdist_dist.pdf Graphic file (type pdf)

<use ../imgs/plots/mutator/obj_rootdist_dist.pdf>
Package pdftex.def Info: ../imgs/plots/mutator/obj_rootdist_dist.pdf used on in
put line 37.
(pdftex.def)             Requested size: 234.73523pt x 164.31581pt.

<../imgs/plots/mutator/obj_outdeg_dist.pdf, id=75, 361.35pt x 252.945pt>
File: ../imgs/plots/mutator/obj_outdeg_dist.pdf Graphic file (type pdf)

<use ../imgs/plots/mutator/obj_outdeg_dist.pdf>
Package pdftex.def Info: ../imgs/plots/mutator/obj_outdeg_dist.pdf used on inpu
t line 45.
(pdftex.def)             Requested size: 234.73523pt x 164.31581pt.
 [6 <../imgs/plots/mutator/obj_alloc_dist.pdf> <../imgs/plots/mutator/obj_selfs
ize_dist.pdf>] [7 <../imgs/plots/mutator/obj_lifetime_dist.pdf> <../imgs/plots/
mutator/obj_rootdist_dist.pdf>]
<../imgs/plots/mutator/obj_indeg_dist.pdf, id=102, 361.35pt x 252.945pt>
File: ../imgs/plots/mutator/obj_indeg_dist.pdf Graphic file (type pdf)

<use ../imgs/plots/mutator/obj_indeg_dist.pdf>
Package pdftex.def Info: ../imgs/plots/mutator/obj_indeg_dist.pdf used on input
 line 53.
(pdftex.def)             Requested size: 234.73523pt x 164.31581pt.
) (./chapters/analysis_system.tex [8 <../imgs/plots/mutator/obj_outdeg_dist.pdf
> <../imgs/plots/mutator/obj_indeg_dist.pdf>]
<../imgs/plots/system/obj_sys_selfsize_dist.pdf, id=116, 361.35pt x 252.945pt>
File: ../imgs/plots/system/obj_sys_selfsize_dist.pdf Graphic file (type pdf)

<use ../imgs/plots/system/obj_sys_selfsize_dist.pdf>
Package pdftex.def Info: ../imgs/plots/system/obj_sys_selfsize_dist.pdf used on
 input line 17.
(pdftex.def)             Requested size: 234.73523pt x 164.31581pt.

<../imgs/plots/system/obj_sys_lifetime_dist.pdf, id=117, 361.35pt x 252.945pt>
File: ../imgs/plots/system/obj_sys_lifetime_dist.pdf Graphic file (type pdf)

<use ../imgs/plots/system/obj_sys_lifetime_dist.pdf>
Package pdftex.def Info: ../imgs/plots/system/obj_sys_lifetime_dist.pdf used on
 input line 26.
(pdftex.def)             Requested size: 234.73523pt x 164.31581pt.

<../imgs/plots/system/obj_sys_rootdist_dist.pdf, id=118, 361.35pt x 252.945pt>
File: ../imgs/plots/system/obj_sys_rootdist_dist.pdf Graphic file (type pdf)

<use ../imgs/plots/system/obj_sys_rootdist_dist.pdf>
Package pdftex.def Info: ../imgs/plots/system/obj_sys_rootdist_dist.pdf used on
 input line 35.
(pdftex.def)             Requested size: 234.73523pt x 164.31581pt.
 [9] [10 <../imgs/plots/system/obj_sys_selfsize_dist.pdf> <../imgs/plots/system
/obj_sys_lifetime_dist.pdf> <../imgs/plots/system/obj_sys_rootdist_dist.pdf>]
<../imgs/plots/system/obj_sys_outdeg_dist.pdf, id=141, 361.35pt x 252.945pt>
File: ../imgs/plots/system/obj_sys_outdeg_dist.pdf Graphic file (type pdf)

<use ../imgs/plots/system/obj_sys_outdeg_dist.pdf>
Package pdftex.def Info: ../imgs/plots/system/obj_sys_outdeg_dist.pdf used on i
nput line 51.
(pdftex.def)             Requested size: 234.73523pt x 164.31581pt.
)
(./chapters/analysis_sys_vs_mut.tex
<../imgs/plots/system_vs_mutator/obj_sysmut_alloc_dist.pdf, id=142, 361.35pt x 
252.945pt>
File: ../imgs/plots/system_vs_mutator/obj_sysmut_alloc_dist.pdf Graphic file (t
ype pdf)
 <use ../imgs/plots/system_vs_mutator/obj_sysmut_alloc_dist.pdf>
Package pdftex.def Info: ../imgs/plots/system_vs_mutator/obj_sysmut_alloc_dist.
pdf used on input line 14.
(pdftex.def)             Requested size: 234.73523pt x 164.31581pt.

<../imgs/plots/system_vs_mutator/obj_sysmut_outdeg_dist.pdf, id=143, 361.35pt x
 252.945pt>
File: ../imgs/plots/system_vs_mutator/obj_sysmut_outdeg_dist.pdf Graphic file (
type pdf)
 <use ../imgs/plots/system_vs_mutator/obj_sysmut_outdeg_dist.pdf>
Package pdftex.def Info: ../imgs/plots/system_vs_mutator/obj_sysmut_outdeg_dist
.pdf used on input line 22.
(pdftex.def)             Requested size: 234.73523pt x 164.31581pt.

[11 <../imgs/plots/system/obj_sys_outdeg_dist.pdf> <../imgs/plots/system_vs_mut
ator/obj_sysmut_alloc_dist.pdf>]
<../imgs/plots/system_vs_mutator/obj_sysmut_lifetime_dist.pdf, id=157, 361.35pt
 x 252.945pt>
File: ../imgs/plots/system_vs_mutator/obj_sysmut_lifetime_dist.pdf Graphic file
 (type pdf)

<use ../imgs/plots/system_vs_mutator/obj_sysmut_lifetime_dist.pdf>
Package pdftex.def Info: ../imgs/plots/system_vs_mutator/obj_sysmut_lifetime_di
st.pdf used on input line 30.
(pdftex.def)             Requested size: 234.73523pt x 164.31581pt.

<../imgs/plots/system_vs_mutator/obj_sysmut_rootdist_dist.pdf, id=158, 361.35pt
 x 252.945pt>
File: ../imgs/plots/system_vs_mutator/obj_sysmut_rootdist_dist.pdf Graphic file
 (type pdf)

<use ../imgs/plots/system_vs_mutator/obj_sysmut_rootdist_dist.pdf>
Package pdftex.def Info: ../imgs/plots/system_vs_mutator/obj_sysmut_rootdist_di
st.pdf used on input line 38.
(pdftex.def)             Requested size: 234.73523pt x 164.31581pt.

<../imgs/plots/system_vs_mutator/obj_sysmut_selfsize_dist.pdf, id=159, 361.35pt
 x 252.945pt>
File: ../imgs/plots/system_vs_mutator/obj_sysmut_selfsize_dist.pdf Graphic file
 (type pdf)

<use ../imgs/plots/system_vs_mutator/obj_sysmut_selfsize_dist.pdf>
Package pdftex.def Info: ../imgs/plots/system_vs_mutator/obj_sysmut_selfsize_di
st.pdf used on input line 46.
(pdftex.def)             Requested size: 234.73523pt x 164.31581pt.
)
(./chapters/conclusion.tex) (./extras/acknowledgments.tex [12 <../imgs/plots/sy
stem_vs_mutator/obj_sysmut_outdeg_dist.pdf> <../imgs/plots/system_vs_mutator/ob
j_sysmut_lifetime_dist.pdf>] [13 <../imgs/plots/system_vs_mutator/obj_sysmut_ro
otdist_dist.pdf> <../imgs/plots/system_vs_mutator/obj_sysmut_selfsize_dist.pdf>
]) (./extras/appendix.tex) (./thesis.bbl [14] [15]) [16] (./thesis.aux) ) 
Here is how much of TeX's memory you used:
 3326 strings out of 493315
 54569 string characters out of 6137903
 126789 words of memory out of 5000000
 6686 multiletter control sequences out of 15000+600000
 9090 words of font info for 33 fonts, out of 8000000 for 9000
 957 hyphenation exceptions out of 8191
 42i,10n,41p,1312b,352s stack positions out of 5000i,500n,10000p,200000b,80000s
</usr/
local/texlive/2013/texmf-dist/fonts/type1/public/amsfonts/cm/cmbx10.pfb></usr/l
ocal/texlive/2013/texmf-dist/fonts/type1/public/amsfonts/cm/cmbx12.pfb></usr/lo
cal/texlive/2013/texmf-dist/fonts/type1/public/amsfonts/cm/cmbx9.pfb></usr/loca
l/texlive/2013/texmf-dist/fonts/type1/public/amsfonts/cm/cmr10.pfb></usr/local/
texlive/2013/texmf-dist/fonts/type1/public/amsfonts/cm/cmr12.pfb></usr/local/te
xlive/2013/texmf-dist/fonts/type1/public/amsfonts/cm/cmr17.pfb></usr/local/texl
ive/2013/texmf-dist/fonts/type1/public/amsfonts/cm/cmr9.pfb></usr/local/texlive
/2013/texmf-dist/fonts/type1/public/amsfonts/cm/cmsy10.pfb></usr/local/texlive/
2013/texmf-dist/fonts/type1/public/amsfonts/cm/cmti10.pfb></usr/local/texlive/2
013/texmf-dist/fonts/type1/public/amsfonts/cm/cmti9.pfb></usr/local/texlive/201
3/texmf-dist/fonts/type1/public/amsfonts/cm/cmtt10.pfb></usr/local/texlive/2013
/texmf-dist/fonts/type1/public/amsfonts/cm/cmtt12.pfb></usr/local/texlive/2013/
texmf-dist/fonts/type1/public/amsfonts/cm/cmtt9.pfb>
Output written on thesis.pdf (19 pages, 345044 bytes).
PDF statistics:
 239 PDF objects out of 1000 (max. 8388607)
 161 compressed objects within 2 object streams
 0 named destinations out of 1000 (max. 500000)
 91 words of extra memory for PDF output out of 10000 (max. 10000000)

